{"meta": {"version": "7.2.7", "timestamp": "2023-06-04T11:38:02.659006", "branch_coverage": false, "show_contexts": false}, "files": {"fizzbuzz.py": {"executed_lines": [1, 11, 12, 13, 15, 16, 22, 31, 32, 36, 37, 40, 41, 44, 52, 53, 55, 59, 60, 61], "summary": {"covered_lines": 19, "num_statements": 19, "percent_covered": 100.0, "percent_covered_display": "100", "missing_lines": 0, "excluded_lines": 0}, "missing_lines": [], "excluded_lines": []}, "test_fizzbuzz.py": {"executed_lines": [1, 3, 5, 8, 14, 23, 24, 28, 30, 34, 40, 48, 54, 58, 59, 62, 63, 64, 67, 68, 69, 72, 83, 84, 87, 88, 89, 90, 93, 94, 95, 98, 99, 100, 103, 108, 109, 112, 113, 114, 117, 118, 119, 120, 123, 124, 125, 128, 129, 131, 134, 136, 138], "summary": {"covered_lines": 53, "num_statements": 53, "percent_covered": 100.0, "percent_covered_display": "100", "missing_lines": 0, "excluded_lines": 0}, "missing_lines": [], "excluded_lines": []}}, "totals": {"covered_lines": 72, "num_statements": 72, "percent_covered": 100.0, "percent_covered_display": "100", "missing_lines": 0, "excluded_lines": 0}}